<?xml version="1.0" encoding="UTF-8"?>
<!-- Generated by org.testng.reporters.JUnitXMLReporter -->
<testsuite ignored="1" hostname="LAPTOP-PTNS5S83" failures="0" tests="52" name="sequential" time="620.424" errors="0" timestamp="2025-01-04T22:08:48 IST">
  <testcase classname="TestCases.SearchFields" name="LandinDashboardPage" time="2.864"/>
  <testcase classname="TestCases.SearchFields" name="SearchFieldExist" time="47.799"/>
  <testcase classname="TestCases.SearchFields" name="SearchFindsFields" time="4.414"/>
  <testcase classname="TestCases.SearchFields" name="SearchFindsFields" time="4.955"/>
  <testcase classname="TestCases.SearchFields" name="SearchFindsFields" time="4.921"/>
  <testcase classname="TestCases.SearchFields" name="SearchFindsFields" time="4.973"/>
  <testcase classname="TestCases.SearchFields" name="SearchFindsFields" time="4.937"/>
  <testcase classname="TestCases.SearchFields" name="SearchFindsFields" time="5.03"/>
  <testcase classname="TestCases.UpdateFields" name="LandinDashboardPage" time="2.835"/>
  <testcase classname="TestCases.UpdateFields" name="AddTextField" time="49.578"/>
  <testcase classname="TestCases.UpdateFields" name="AddText" time="6.236"/>
  <testcase classname="TestCases.UpdateFields" name="AddEmailField" time="6.586"/>
  <testcase classname="TestCases.UpdateFields" name="AddNumberField" time="6.502"/>
  <testcase classname="TestCases.UpdateFields" name="DragandDropParaHeading" time="0.948"/>
  <testcase classname="TestCases.UpdateFields" name="HeadingName" time="5.599"/>
  <testcase classname="TestCases.UpdateFields" name="ParaName" time="2.216"/>
  <testcase classname="TestCases.UpdateFields" name="publishButton" time="4.023"/>
  <testcase classname="TestCases.AddFormData" name="Login" time="2.438"/>
  <testcase classname="TestCases.AddFormData" name="getSubmissionCount" time="0.579"/>
  <testcase classname="TestCases.AddFormData" name="ClickCustomFormLink" time="46.764"/>
  <testcase classname="TestCases.AddFormData" name="Newtab" time="8.624"/>
  <testcase classname="TestCases.AddFormData" name="checkSubmissionCount" time="1.136"/>
  <testcase classname="TestCases.AddFormData" name="checkSubmissionList" time="7.033"/>
  <testcase classname="TestCases.AddFormData" name="deleteForm" time="0.636"/>
  <testcase classname="TestCases.DeleteForm" name="Login" time="2.757"/>
  <testcase classname="TestCases.DeleteForm" name="RemoveFields" time="116.84"/>
  <testcase classname="TestCases.DeleteForm" name="DeleteForm" time="2.723"/>
  <testcase classname="TestCases.CreateFormCases" name="LandinDashboardPage" time="2.692"/>
  <testcase classname="TestCases.CreateFormCases" name="CreatFormPopup" time="0.734"/>
  <testcase classname="TestCases.CreateFormCases" name="CreatFormLandingPage" time="6.664"/>
  <testcase classname="TestCases.CreateFormCases" name="InvalidNameform" time="44.995"/>
  <testcase classname="TestCases.CreateFormCases" name="ValidNamingform" time="1.414"/>
  <testcase classname="TestCases.CreateFormCases" name="checkNameinList" time="5.294"/>
  <testcase classname="TestCases.StepForm" name="LandinDashboardPage" time="2.936"/>
  <testcase classname="TestCases.StepForm" name="TabNameValidation" time="50.883"/>
  <testcase classname="TestCases.StepForm" name="UpdateTabName" time="5.964"/>
  <testcase classname="TestCases.StepForm" name="AddFields" time="2.697"/>
  <testcase classname="TestCases.StepForm" name="AddNumberField" time="28.4"/>
  <testcase classname="TestCases.StepForm" name="AddWebsiteField" time="6.221"/>
  <testcase classname="TestCases.StepForm" name="AddTimeField" time="6.785"/>
  <testcase classname="TestCases.StepForm" name="TextAreaField" time="6.769"/>
  <testcase classname="TestCases.StepForm" name="shortTextField" time="6.769"/>
  <testcase classname="TestCases.StepForm" name="dateTextField" time="6.732"/>
  <testcase classname="TestCases.StepForm" name="Tab2NameValidation" time="5.169"/>
  <testcase classname="TestCases.StepForm" name="Tab2NameAddition" time="5.943"/>
  <testcase classname="TestCases.StepForm" name="AddFieldsTwo" time="1.374"/>
  <testcase classname="TestCases.StepForm" name="AddDropDownLable" time="11.645"/>
  <testcase classname="TestCases.StepForm" name="AddRadioLable" time="8.447"/>
  <testcase classname="TestCases.StepForm" name="AddCheckboxLable" time="8.236"/>
  <testcase classname="TestCases.StepForm" name="MakeActive" time="6.301"/>
  <testcase classname="TestCases.DeleteAll" name="Login" time="2.645"/>
  <testcase classname="TestCases.DeleteAll" name="DeleteForm" time="2.968"/>
  <testcase classname="TestCases.DeleteAll" name="RemoveFields" time="0.0">
    <ignored/>
  </testcase> <!-- RemoveFields -->
</testsuite> <!-- sequential -->
