<?xml version="1.0" encoding="UTF-8"?>
<!-- Generated by org.testng.reporters.JUnitXMLReporter -->
<testsuite ignored="0" hostname="LAPTOP-PTNS5S83" failures="0" tests="21" name="Test" time="65.59" errors="0" timestamp="2025-01-07T01:43:36 IST">
  <testcase classname="TestCases.RegistrationCases" name="LandinRegistrationPage" time="0.539"/>
  <testcase classname="TestCases.RegistrationCases" name="checkMandatoryValidation" time="0.247"/>
  <testcase classname="TestCases.RegistrationCases" name="checkValidEmail" time="0.231"/>
  <testcase classname="TestCases.RegistrationCases" name="checkPasswordMandatory" time="0.112"/>
  <testcase classname="TestCases.RegistrationCases" name="checkCharPasswordValidation" time="0.205"/>
  <testcase classname="TestCases.RegistrationCases" name="checkPasswordValidations" time="0.213"/>
  <testcase classname="TestCases.RegistrationCases" name="checkMaxCharPasswordValidation" time="0.236"/>
  <testcase classname="TestCases.RegistrationCases" name="checkEmailUniqueValidation" time="1.662"/>
  <testcase classname="TestCases.CreateFormCases" name="LandinDashboardPage" time="3.234"/>
  <testcase classname="TestCases.RegistrationCases" name="checkGotoLoginLink" time="0.206"/>
  <testcase classname="TestCases.CreateFormCases" name="CreatFormPopup" time="0.698"/>
  <testcase classname="TestCases.RegistrationCases" name="checkSuccessForm" time="2.855"/>
  <testcase classname="TestCases.LoginCases" name="InavalidEmailandPassword" time="3.209"/>
  <testcase classname="TestCases.LoginCases" name="EmptyPasswordValidation" time="0.543"/>
  <testcase classname="TestCases.LoginCases" name="InvalidEmailFormat" time="0.567"/>
  <testcase classname="TestCases.LoginCases" name="EmptyEmailEmptyPassword" time="0.42"/>
  <testcase classname="TestCases.CreateFormCases" name="CreatFormLandingPage" time="6.255"/>
  <testcase classname="TestCases.LoginCases" name="aLogin" time="3.685"/>
  <testcase classname="TestCases.CreateFormCases" name="InvalidNameform" time="45.039"/>
  <testcase classname="TestCases.CreateFormCases" name="ValidNamingform" time="0.982"/>
  <testcase classname="TestCases.CreateFormCases" name="checkNameinList" time="5.234"/>
</testsuite> <!-- Test -->
