<?xml version="1.0" encoding="UTF-8"?>
<!-- Generated by org.testng.reporters.JUnitXMLReporter -->
<testsuite ignored="0" hostname="LAPTOP-PTNS5S83" failures="0" tests="21" name="Test" time="74.087" errors="0" timestamp="2025-01-04T21:58:28 IST">
  <testcase classname="TestCases.RegistrationCases" name="LandinRegistrationPage" time="0.649"/>
  <testcase classname="TestCases.RegistrationCases" name="checkMandatoryValidation" time="0.476"/>
  <testcase classname="TestCases.RegistrationCases" name="checkValidEmail" time="0.398"/>
  <testcase classname="TestCases.RegistrationCases" name="checkPasswordMandatory" time="0.199"/>
  <testcase classname="TestCases.LoginCases" name="InavalidEmailandPassword" time="2.174"/>
  <testcase classname="TestCases.RegistrationCases" name="checkCharPasswordValidation" time="0.405"/>
  <testcase classname="TestCases.RegistrationCases" name="checkPasswordValidations" time="0.371"/>
  <testcase classname="TestCases.LoginCases" name="EmptyPasswordValidation" time="0.575"/>
  <testcase classname="TestCases.RegistrationCases" name="checkMaxCharPasswordValidation" time="0.368"/>
  <testcase classname="TestCases.LoginCases" name="InvalidEmailFormat" time="0.568"/>
  <testcase classname="TestCases.LoginCases" name="EmptyEmailEmptyPassword" time="0.348"/>
  <testcase classname="TestCases.CreateFormCases" name="LandinDashboardPage" time="3.124"/>
  <testcase classname="TestCases.RegistrationCases" name="checkEmailUniqueValidation" time="1.907"/>
  <testcase classname="TestCases.RegistrationCases" name="checkGotoLoginLink" time="0.328"/>
  <testcase classname="TestCases.CreateFormCases" name="CreatFormPopup" time="0.836"/>
  <testcase classname="TestCases.LoginCases" name="aLogin" time="2.403"/>
  <testcase classname="TestCases.RegistrationCases" name="checkSuccessForm" time="2.788"/>
  <testcase classname="TestCases.CreateFormCases" name="CreatFormLandingPage" time="10.483"/>
  <testcase classname="TestCases.CreateFormCases" name="InvalidNameform" time="44.211"/>
  <testcase classname="TestCases.CreateFormCases" name="ValidNamingform" time="1.03"/>
  <testcase classname="TestCases.CreateFormCases" name="checkNameinList" time="5.352"/>
</testsuite> <!-- Test -->
