<?xml version="1.0" encoding="UTF-8"?>
<!-- Generated by org.testng.reporters.JUnitXMLReporter -->
<testsuite ignored="0" hostname="LAPTOP-PTNS5S83" failures="0" tests="10" name="Default test" time="110.424" errors="0" timestamp="2025-01-07T17:46:34 IST">
  <testcase classname="TestCases.UpdateFields" name="LandinDashboardPage" time="2.691"/>
  <testcase classname="TestCases.UpdateFields" name="AddTextField" time="50.263"/>
  <testcase classname="TestCases.UpdateFields" name="AddNumberField" time="10.616"/>
  <testcase classname="TestCases.UpdateFields" name="AddEmailField" time="6.172"/>
  <testcase classname="TestCases.UpdateFields" name="AddText" time="7.869"/>
  <testcase classname="TestCases.UpdateFields" name="DragandDropParaHeading" time="0.948"/>
  <testcase classname="TestCases.UpdateFields" name="HeadingName" time="2.364"/>
  <testcase classname="TestCases.UpdateFields" name="ParaName" time="23.785"/>
  <testcase classname="TestCases.UpdateFields" name="publishButton" time="1.873"/>
  <testcase classname="TestCases.UpdateFields" name="checkActiveNumbers" time="0.137"/>
</testsuite> <!-- Default test -->
