<?xml version="1.0" encoding="UTF-8"?>
<!-- Generated by org.testng.reporters.JUnitXMLReporter -->
<testsuite ignored="0" hostname="LAPTOP-PTNS5S83" failures="0" tests="10" name="Default test" time="136.126" errors="0" timestamp="2025-01-08T19:01:17 IST">
  <testcase classname="TestCases.UpdateFields" name="LandinDashboardPage" time="2.44"/>
  <testcase classname="TestCases.UpdateFields" name="AddTextField" time="50.3"/>
  <testcase classname="TestCases.UpdateFields" name="AddNumberField" time="10.418"/>
  <testcase classname="TestCases.UpdateFields" name="AddEmailField" time="6.967"/>
  <testcase classname="TestCases.UpdateFields" name="AddText" time="27.848"/>
  <testcase classname="TestCases.UpdateFields" name="DragandDropParaHeading" time="1.558"/>
  <testcase classname="TestCases.UpdateFields" name="HeadingName" time="7.153"/>
  <testcase classname="TestCases.UpdateFields" name="ParaName" time="6.731"/>
  <testcase classname="TestCases.UpdateFields" name="publishButton" time="6.388"/>
  <testcase classname="TestCases.UpdateFields" name="checkActiveNumbers" time="12.51"/>
</testsuite> <!-- Default test -->
