<?xml version="1.0" encoding="UTF-8"?>
<!-- Generated by org.testng.reporters.JUnitXMLReporter -->
<testsuite ignored="0" hostname="LAPTOP-PTNS5S83" failures="0" tests="38" name="Test" time="373.455" errors="0" timestamp="2024-12-10T00:00:17 IST">
  <testcase classname="TestCases.RegistrationCases" name="LandinRegistrationPage" time="0.543"/>
  <testcase classname="TestCases.RegistrationCases" name="checkMandatoryValidation" time="0.245"/>
  <testcase classname="TestCases.RegistrationCases" name="checkValidEmail" time="0.232"/>
  <testcase classname="TestCases.RegistrationCases" name="checkPasswordMandatory" time="0.115"/>
  <testcase classname="TestCases.RegistrationCases" name="checkCharPasswordValidation" time="0.202"/>
  <testcase classname="TestCases.RegistrationCases" name="checkPasswordValidations" time="0.224"/>
  <testcase classname="TestCases.RegistrationCases" name="checkMaxCharPasswordValidation" time="0.249"/>
  <testcase classname="TestCases.RegistrationCases" name="checkEmailUniqueValidation" time="1.577"/>
  <testcase classname="TestCases.RegistrationCases" name="checkGotoLoginLink" time="0.2"/>
  <testcase classname="TestCases.RegistrationCases" name="checkSuccessForm" time="3.265"/>
  <testcase classname="TestCases.LoginCases" name="InavalidEmailandPassword" time="1.957"/>
  <testcase classname="TestCases.LoginCases" name="EmptyPasswordValidation" time="0.356"/>
  <testcase classname="TestCases.LoginCases" name="InvalidEmailFormat" time="0.355"/>
  <testcase classname="TestCases.LoginCases" name="EmptyEmailEmptyPassword" time="0.204"/>
  <testcase classname="TestCases.LoginCases" name="aLogin" time="3.426"/>
  <testcase classname="TestCases.CreateFormCases" name="LandinDashboardPage" time="4.234"/>
  <testcase classname="TestCases.CreateFormCases" name="CreatFormPopup" time="0.679"/>
  <testcase classname="TestCases.CreateFormCases" name="CreatFormLandingPage" time="5.904"/>
  <testcase classname="TestCases.CreateFormCases" name="InvalidNameform" time="44.797"/>
  <testcase classname="TestCases.CreateFormCases" name="ValidNamingform" time="0.928"/>
  <testcase classname="TestCases.CreateFormCases" name="checkNameinList" time="5.228"/>
  <testcase classname="TestCases.UpdateFields" name="LandinDashboardPage" time="4.115"/>
  <testcase classname="TestCases.UpdateFields" name="AddTextField" time="55.418"/>
  <testcase classname="TestCases.UpdateFields" name="AddText" time="6.258"/>
  <testcase classname="TestCases.UpdateFields" name="AddEmailField" time="6.566"/>
  <testcase classname="TestCases.UpdateFields" name="AddNumberField" time="7.039"/>
  <testcase classname="TestCases.UpdateFields" name="DragandDropParaHeading" time="0.92"/>
  <testcase classname="TestCases.UpdateFields" name="publishButton" time="24.54"/>
  <testcase classname="TestCases.AddFormData" name="Login" time="2.558"/>
  <testcase classname="TestCases.AddFormData" name="getSubmissionCount" time="0.572"/>
  <testcase classname="TestCases.AddFormData" name="ClickCustomFormLink" time="48.036"/>
  <testcase classname="TestCases.AddFormData" name="Newtab" time="7.998"/>
  <testcase classname="TestCases.AddFormData" name="checkSubmissionCount" time="1.138"/>
  <testcase classname="TestCases.AddFormData" name="checkSubmissionList" time="7.042"/>
  <testcase classname="TestCases.AddFormData" name="deleteForm" time="0.623"/>
  <testcase classname="TestCases.DeleteForm" name="Login" time="2.59"/>
  <testcase classname="TestCases.DeleteForm" name="RemoveFields" time="98.754"/>
  <testcase classname="TestCases.DeleteForm" name="DeleteForm" time="3.063"/>
</testsuite> <!-- Test -->
