<?xml version="1.0" encoding="UTF-8"?>
<testng-results ignored="0" total="34" passed="34" failed="0" skipped="0">
  <reporter-output>
  </reporter-output>
  <suite started-at="2024-10-06T19:59:20 IST" name="Suite" finished-at="2024-10-06T20:03:34 IST" duration-ms="253398">
    <groups>
    </groups>
    <test started-at="2024-10-06T19:59:20 IST" name="Test" finished-at="2024-10-06T20:03:34 IST" duration-ms="253398">
      <class name="TestCases.LoginCases">
        <test-method is-config="true" signature="browserConfigChrome()[pri:0, instance:TestCases.LoginCases@15eb5ee5]" started-at="2024-10-06T19:59:32 IST" name="browserConfigChrome" finished-at="2024-10-06T19:59:38 IST" duration-ms="5935" status="PASS">
          <reporter-output>
          </reporter-output>
        </test-method> <!-- browserConfigChrome -->
        <test-method signature="InavalidEmailandPassword()[pri:1, instance:TestCases.LoginCases@15eb5ee5]" started-at="2024-10-06T19:59:38 IST" name="InavalidEmailandPassword" finished-at="2024-10-06T19:59:41 IST" duration-ms="2944" status="PASS">
          <reporter-output>
          </reporter-output>
        </test-method> <!-- InavalidEmailandPassword -->
        <test-method signature="EmptyPasswordValidation()[pri:2, instance:TestCases.LoginCases@15eb5ee5]" started-at="2024-10-06T19:59:41 IST" name="EmptyPasswordValidation" finished-at="2024-10-06T19:59:41 IST" duration-ms="345" status="PASS">
          <reporter-output>
          </reporter-output>
        </test-method> <!-- EmptyPasswordValidation -->
        <test-method signature="InvalidEmailFormat()[pri:3, instance:TestCases.LoginCases@15eb5ee5]" started-at="2024-10-06T19:59:41 IST" name="InvalidEmailFormat" finished-at="2024-10-06T19:59:42 IST" duration-ms="329" status="PASS">
          <reporter-output>
          </reporter-output>
        </test-method> <!-- InvalidEmailFormat -->
        <test-method signature="EmptyEmailEmptyPassword()[pri:4, instance:TestCases.LoginCases@15eb5ee5]" started-at="2024-10-06T19:59:42 IST" name="EmptyEmailEmptyPassword" finished-at="2024-10-06T19:59:42 IST" duration-ms="198" status="PASS">
          <reporter-output>
          </reporter-output>
        </test-method> <!-- EmptyEmailEmptyPassword -->
        <test-method signature="aLogin()[pri:7, instance:TestCases.LoginCases@15eb5ee5]" started-at="2024-10-06T19:59:42 IST" name="aLogin" finished-at="2024-10-06T19:59:45 IST" duration-ms="2649" status="PASS">
          <reporter-output>
          </reporter-output>
        </test-method> <!-- aLogin -->
        <test-method is-config="true" signature="tearDown()[pri:0, instance:TestCases.LoginCases@15eb5ee5]" started-at="2024-10-06T19:59:45 IST" name="tearDown" finished-at="2024-10-06T19:59:45 IST" duration-ms="216" status="PASS">
          <reporter-output>
          </reporter-output>
        </test-method> <!-- tearDown -->
      </class> <!-- TestCases.LoginCases -->
      <class name="TestCases.RegistrationCases">
        <test-method is-config="true" signature="browserConfigChrome()[pri:0, instance:TestCases.RegistrationCases@1725dc0f]" started-at="2024-10-06T19:59:20 IST" name="browserConfigChrome" finished-at="2024-10-06T19:59:25 IST" duration-ms="4589" status="PASS">
          <reporter-output>
          </reporter-output>
        </test-method> <!-- browserConfigChrome -->
        <test-method signature="LandinRegistrationPage()[pri:1, instance:TestCases.RegistrationCases@1725dc0f]" started-at="2024-10-06T19:59:25 IST" name="LandinRegistrationPage" finished-at="2024-10-06T19:59:25 IST" duration-ms="488" status="PASS">
          <reporter-output>
          </reporter-output>
        </test-method> <!-- LandinRegistrationPage -->
        <test-method signature="checkMandatoryValidation()[pri:2, instance:TestCases.RegistrationCases@1725dc0f]" started-at="2024-10-06T19:59:25 IST" name="checkMandatoryValidation" finished-at="2024-10-06T19:59:26 IST" duration-ms="190" status="PASS">
          <reporter-output>
          </reporter-output>
        </test-method> <!-- checkMandatoryValidation -->
        <test-method signature="checkValidEmail()[pri:3, instance:TestCases.RegistrationCases@1725dc0f]" started-at="2024-10-06T19:59:26 IST" name="checkValidEmail" finished-at="2024-10-06T19:59:26 IST" duration-ms="217" status="PASS">
          <reporter-output>
          </reporter-output>
        </test-method> <!-- checkValidEmail -->
        <test-method signature="checkPasswordMandatory()[pri:4, instance:TestCases.RegistrationCases@1725dc0f]" started-at="2024-10-06T19:59:26 IST" name="checkPasswordMandatory" finished-at="2024-10-06T19:59:26 IST" duration-ms="100" status="PASS">
          <reporter-output>
          </reporter-output>
        </test-method> <!-- checkPasswordMandatory -->
        <test-method signature="checkCharPasswordValidation()[pri:5, instance:TestCases.RegistrationCases@1725dc0f]" started-at="2024-10-06T19:59:26 IST" name="checkCharPasswordValidation" finished-at="2024-10-06T19:59:26 IST" duration-ms="182" status="PASS">
          <reporter-output>
          </reporter-output>
        </test-method> <!-- checkCharPasswordValidation -->
        <test-method signature="checkPasswordValidations()[pri:6, instance:TestCases.RegistrationCases@1725dc0f]" started-at="2024-10-06T19:59:26 IST" name="checkPasswordValidations" finished-at="2024-10-06T19:59:26 IST" duration-ms="209" status="PASS">
          <reporter-output>
          </reporter-output>
        </test-method> <!-- checkPasswordValidations -->
        <test-method signature="checkMaxCharPasswordValidation()[pri:7, instance:TestCases.RegistrationCases@1725dc0f]" started-at="2024-10-06T19:59:26 IST" name="checkMaxCharPasswordValidation" finished-at="2024-10-06T19:59:27 IST" duration-ms="224" status="PASS">
          <reporter-output>
          </reporter-output>
        </test-method> <!-- checkMaxCharPasswordValidation -->
        <test-method signature="checkEmailUniqueValidation()[pri:8, instance:TestCases.RegistrationCases@1725dc0f]" started-at="2024-10-06T19:59:27 IST" name="checkEmailUniqueValidation" finished-at="2024-10-06T19:59:29 IST" duration-ms="2063" status="PASS">
          <reporter-output>
          </reporter-output>
        </test-method> <!-- checkEmailUniqueValidation -->
        <test-method signature="checkGotoLoginLink()[pri:9, instance:TestCases.RegistrationCases@1725dc0f]" started-at="2024-10-06T19:59:29 IST" name="checkGotoLoginLink" finished-at="2024-10-06T19:59:29 IST" duration-ms="212" status="PASS">
          <reporter-output>
          </reporter-output>
        </test-method> <!-- checkGotoLoginLink -->
        <test-method signature="checkSuccessForm()[pri:10, instance:TestCases.RegistrationCases@1725dc0f]" started-at="2024-10-06T19:59:29 IST" name="checkSuccessForm" finished-at="2024-10-06T19:59:32 IST" duration-ms="3028" status="PASS">
          <reporter-output>
          </reporter-output>
        </test-method> <!-- checkSuccessForm -->
        <test-method is-config="true" signature="tearDown()[pri:0, instance:TestCases.RegistrationCases@1725dc0f]" started-at="2024-10-06T19:59:32 IST" name="tearDown" finished-at="2024-10-06T19:59:32 IST" duration-ms="280" status="PASS">
          <reporter-output>
          </reporter-output>
        </test-method> <!-- tearDown -->
      </class> <!-- TestCases.RegistrationCases -->
      <class name="TestCases.DeleteForm">
        <test-method is-config="true" signature="browserConfigChrome()[pri:0, instance:TestCases.DeleteForm@20deea7f]" started-at="2024-10-06T20:03:25 IST" name="browserConfigChrome" finished-at="2024-10-06T20:03:28 IST" duration-ms="3252" status="PASS">
          <reporter-output>
          </reporter-output>
        </test-method> <!-- browserConfigChrome -->
        <test-method signature="Login()[pri:1, instance:TestCases.DeleteForm@20deea7f]" started-at="2024-10-06T20:03:28 IST" name="Login" finished-at="2024-10-06T20:03:31 IST" duration-ms="2707" status="PASS">
          <reporter-output>
          </reporter-output>
        </test-method> <!-- Login -->
        <test-method signature="DeleteForm()[pri:2, instance:TestCases.DeleteForm@20deea7f]" started-at="2024-10-06T20:03:31 IST" name="DeleteForm" finished-at="2024-10-06T20:03:34 IST" duration-ms="2864" status="PASS">
          <reporter-output>
          </reporter-output>
        </test-method> <!-- DeleteForm -->
        <test-method is-config="true" signature="tearDown()[pri:0, instance:TestCases.DeleteForm@20deea7f]" started-at="2024-10-06T20:03:34 IST" name="tearDown" finished-at="2024-10-06T20:03:34 IST" duration-ms="184" status="PASS">
          <reporter-output>
          </reporter-output>
        </test-method> <!-- tearDown -->
      </class> <!-- TestCases.DeleteForm -->
      <class name="TestCases.CreateFormCases">
        <test-method is-config="true" signature="browserConfigChrome()[pri:0, instance:TestCases.CreateFormCases@16ec5519]" started-at="2024-10-06T19:59:45 IST" name="browserConfigChrome" finished-at="2024-10-06T19:59:47 IST" duration-ms="2648" status="PASS">
          <reporter-output>
          </reporter-output>
        </test-method> <!-- browserConfigChrome -->
        <test-method signature="LandinDashboardPage()[pri:1, instance:TestCases.CreateFormCases@16ec5519]" started-at="2024-10-06T19:59:47 IST" name="LandinDashboardPage" finished-at="2024-10-06T19:59:50 IST" duration-ms="2300" status="PASS">
          <reporter-output>
          </reporter-output>
        </test-method> <!-- LandinDashboardPage -->
        <test-method signature="CreatFormPopup()[pri:2, instance:TestCases.CreateFormCases@16ec5519]" started-at="2024-10-06T19:59:50 IST" name="CreatFormPopup" finished-at="2024-10-06T19:59:50 IST" duration-ms="645" status="PASS">
          <reporter-output>
          </reporter-output>
        </test-method> <!-- CreatFormPopup -->
        <test-method signature="CreatFormLandingPage()[pri:3, instance:TestCases.CreateFormCases@16ec5519]" started-at="2024-10-06T19:59:50 IST" name="CreatFormLandingPage" finished-at="2024-10-06T20:00:00 IST" duration-ms="9959" status="PASS">
          <reporter-output>
          </reporter-output>
        </test-method> <!-- CreatFormLandingPage -->
        <test-method signature="InvalidNameform()[pri:4, instance:TestCases.CreateFormCases@16ec5519]" started-at="2024-10-06T20:00:00 IST" name="InvalidNameform" finished-at="2024-10-06T20:00:44 IST" duration-ms="43859" status="PASS">
          <reporter-output>
          </reporter-output>
        </test-method> <!-- InvalidNameform -->
        <test-method signature="ValidNamingform()[pri:6, instance:TestCases.CreateFormCases@16ec5519]" started-at="2024-10-06T20:00:44 IST" name="ValidNamingform" finished-at="2024-10-06T20:00:46 IST" duration-ms="1429" status="PASS">
          <reporter-output>
          </reporter-output>
        </test-method> <!-- ValidNamingform -->
        <test-method signature="checkNameinList()[pri:7, instance:TestCases.CreateFormCases@16ec5519]" started-at="2024-10-06T20:00:46 IST" name="checkNameinList" finished-at="2024-10-06T20:00:51 IST" duration-ms="5222" status="PASS">
          <reporter-output>
          </reporter-output>
        </test-method> <!-- checkNameinList -->
        <test-method is-config="true" signature="tearDown()[pri:0, instance:TestCases.CreateFormCases@16ec5519]" started-at="2024-10-06T20:00:51 IST" name="tearDown" finished-at="2024-10-06T20:00:51 IST" duration-ms="360" status="PASS">
          <reporter-output>
          </reporter-output>
        </test-method> <!-- tearDown -->
      </class> <!-- TestCases.CreateFormCases -->
      <class name="TestCases.UpdateFields">
        <test-method is-config="true" signature="browserConfigChrome()[pri:0, instance:TestCases.UpdateFields@188715b5]" started-at="2024-10-06T20:00:51 IST" name="browserConfigChrome" finished-at="2024-10-06T20:00:56 IST" duration-ms="5036" status="PASS">
          <reporter-output>
          </reporter-output>
        </test-method> <!-- browserConfigChrome -->
        <test-method signature="LandinDashboardPage()[pri:1, instance:TestCases.UpdateFields@188715b5]" started-at="2024-10-06T20:00:56 IST" name="LandinDashboardPage" finished-at="2024-10-06T20:01:00 IST" duration-ms="4091" status="PASS">
          <reporter-output>
          </reporter-output>
        </test-method> <!-- LandinDashboardPage -->
        <test-method signature="AddTextField()[pri:2, instance:TestCases.UpdateFields@188715b5]" started-at="2024-10-06T20:01:00 IST" name="AddTextField" finished-at="2024-10-06T20:01:55 IST" duration-ms="54645" status="PASS">
          <reporter-output>
          </reporter-output>
        </test-method> <!-- AddTextField -->
        <test-method signature="AddText()[pri:3, instance:TestCases.UpdateFields@188715b5]" started-at="2024-10-06T20:01:55 IST" name="AddText" finished-at="2024-10-06T20:02:01 IST" duration-ms="6443" status="PASS">
          <reporter-output>
          </reporter-output>
        </test-method> <!-- AddText -->
        <test-method signature="AddEmailField()[pri:4, instance:TestCases.UpdateFields@188715b5]" started-at="2024-10-06T20:02:01 IST" name="AddEmailField" finished-at="2024-10-06T20:02:08 IST" duration-ms="6430" status="PASS">
          <reporter-output>
          </reporter-output>
        </test-method> <!-- AddEmailField -->
        <test-method signature="AddNumberField()[pri:5, instance:TestCases.UpdateFields@188715b5]" started-at="2024-10-06T20:02:08 IST" name="AddNumberField" finished-at="2024-10-06T20:02:14 IST" duration-ms="6392" status="PASS">
          <reporter-output>
          </reporter-output>
        </test-method> <!-- AddNumberField -->
        <test-method signature="publishButton()[pri:6, instance:TestCases.UpdateFields@188715b5]" started-at="2024-10-06T20:02:14 IST" name="publishButton" finished-at="2024-10-06T20:02:20 IST" duration-ms="6116" status="PASS">
          <reporter-output>
          </reporter-output>
        </test-method> <!-- publishButton -->
        <test-method is-config="true" signature="tearDown()[pri:0, instance:TestCases.UpdateFields@188715b5]" started-at="2024-10-06T20:02:20 IST" name="tearDown" finished-at="2024-10-06T20:02:21 IST" duration-ms="290" status="PASS">
          <reporter-output>
          </reporter-output>
        </test-method> <!-- tearDown -->
      </class> <!-- TestCases.UpdateFields -->
      <class name="TestCases.AddFormData">
        <test-method is-config="true" signature="browserConfigChrome()[pri:0, instance:TestCases.AddFormData@5119fb47]" started-at="2024-10-06T20:02:21 IST" name="browserConfigChrome" finished-at="2024-10-06T20:02:24 IST" duration-ms="3515" status="PASS">
          <reporter-output>
          </reporter-output>
        </test-method> <!-- browserConfigChrome -->
        <test-method signature="Login()[pri:1, instance:TestCases.AddFormData@5119fb47]" started-at="2024-10-06T20:02:24 IST" name="Login" finished-at="2024-10-06T20:02:27 IST" duration-ms="2742" status="PASS">
          <reporter-output>
          </reporter-output>
        </test-method> <!-- Login -->
        <test-method signature="getSubmissionCount()[pri:2, instance:TestCases.AddFormData@5119fb47]" started-at="2024-10-06T20:02:27 IST" name="getSubmissionCount" finished-at="2024-10-06T20:02:28 IST" duration-ms="1085" status="PASS">
          <reporter-output>
          </reporter-output>
        </test-method> <!-- getSubmissionCount -->
        <test-method signature="ClickCustomFormLink()[pri:3, instance:TestCases.AddFormData@5119fb47]" started-at="2024-10-06T20:02:28 IST" name="ClickCustomFormLink" finished-at="2024-10-06T20:03:15 IST" duration-ms="47139" status="PASS">
          <reporter-output>
          </reporter-output>
        </test-method> <!-- ClickCustomFormLink -->
        <test-method signature="Newtab()[pri:4, instance:TestCases.AddFormData@5119fb47]" started-at="2024-10-06T20:03:15 IST" name="Newtab" finished-at="2024-10-06T20:03:23 IST" duration-ms="8055" status="PASS">
          <reporter-output>
          </reporter-output>
        </test-method> <!-- Newtab -->
        <test-method signature="checkSubmissionCount()[pri:5, instance:TestCases.AddFormData@5119fb47]" started-at="2024-10-06T20:03:23 IST" name="checkSubmissionCount" finished-at="2024-10-06T20:03:24 IST" duration-ms="1172" status="PASS">
          <reporter-output>
          </reporter-output>
        </test-method> <!-- checkSubmissionCount -->
        <test-method is-config="true" signature="tearDown()[pri:0, instance:TestCases.AddFormData@5119fb47]" started-at="2024-10-06T20:03:24 IST" name="tearDown" finished-at="2024-10-06T20:03:25 IST" duration-ms="341" status="PASS">
          <reporter-output>
          </reporter-output>
        </test-method> <!-- tearDown -->
      </class> <!-- TestCases.AddFormData -->
    </test> <!-- Test -->
  </suite> <!-- Suite -->
</testng-results>
