<?xml version="1.0" encoding="UTF-8"?>
<testng-results ignored="0" total="10" passed="10" failed="0" skipped="0">
  <reporter-output>
  </reporter-output>
  <suite started-at="2025-01-08T18:59:01 IST" name="Default suite" finished-at="2025-01-08T19:01:17 IST" duration-ms="136126">
    <groups>
    </groups>
    <test started-at="2025-01-08T18:59:01 IST" name="Default test" finished-at="2025-01-08T19:01:17 IST" duration-ms="136126">
      <class name="TestCases.UpdateFields">
        <test-method is-config="true" signature="browserConfigChrome()[pri:0, instance:TestCases.UpdateFields@5f058f00]" started-at="2025-01-08T18:59:01 IST" name="browserConfigChrome" finished-at="2025-01-08T18:59:04 IST" duration-ms="3435" status="PASS">
          <reporter-output>
          </reporter-output>
        </test-method> <!-- browserConfigChrome -->
        <test-method signature="LandinDashboardPage()[pri:1, instance:TestCases.UpdateFields@5f058f00]" started-at="2025-01-08T18:59:04 IST" name="LandinDashboardPage" finished-at="2025-01-08T18:59:07 IST" duration-ms="2440" status="PASS">
          <reporter-output>
          </reporter-output>
        </test-method> <!-- LandinDashboardPage -->
        <test-method signature="AddTextField()[pri:2, instance:TestCases.UpdateFields@5f058f00]" started-at="2025-01-08T18:59:07 IST" name="AddTextField" finished-at="2025-01-08T18:59:57 IST" depends-on-methods="TestCases.UpdateFields.LandinDashboardPage" duration-ms="50300" status="PASS">
          <reporter-output>
          </reporter-output>
        </test-method> <!-- AddTextField -->
        <test-method signature="AddNumberField()[pri:3, instance:TestCases.UpdateFields@5f058f00]" started-at="2025-01-08T18:59:57 IST" name="AddNumberField" finished-at="2025-01-08T19:00:07 IST" duration-ms="10418" status="PASS">
          <reporter-output>
          </reporter-output>
        </test-method> <!-- AddNumberField -->
        <test-method signature="AddEmailField()[pri:4, instance:TestCases.UpdateFields@5f058f00]" started-at="2025-01-08T19:00:07 IST" name="AddEmailField" finished-at="2025-01-08T19:00:14 IST" duration-ms="6967" status="PASS">
          <reporter-output>
          </reporter-output>
        </test-method> <!-- AddEmailField -->
        <test-method signature="AddText()[pri:5, instance:TestCases.UpdateFields@5f058f00]" started-at="2025-01-08T19:00:14 IST" name="AddText" finished-at="2025-01-08T19:00:42 IST" duration-ms="27848" status="PASS">
          <reporter-output>
          </reporter-output>
        </test-method> <!-- AddText -->
        <test-method signature="DragandDropParaHeading()[pri:6, instance:TestCases.UpdateFields@5f058f00]" started-at="2025-01-08T19:00:42 IST" name="DragandDropParaHeading" finished-at="2025-01-08T19:00:44 IST" duration-ms="1558" status="PASS">
          <reporter-output>
          </reporter-output>
        </test-method> <!-- DragandDropParaHeading -->
        <test-method signature="HeadingName()[pri:7, instance:TestCases.UpdateFields@5f058f00]" started-at="2025-01-08T19:00:44 IST" name="HeadingName" finished-at="2025-01-08T19:00:51 IST" duration-ms="7153" status="PASS">
          <reporter-output>
          </reporter-output>
        </test-method> <!-- HeadingName -->
        <test-method signature="ParaName()[pri:8, instance:TestCases.UpdateFields@5f058f00]" started-at="2025-01-08T19:00:51 IST" name="ParaName" finished-at="2025-01-08T19:00:58 IST" duration-ms="6731" status="PASS">
          <reporter-output>
          </reporter-output>
        </test-method> <!-- ParaName -->
        <test-method signature="publishButton()[pri:9, instance:TestCases.UpdateFields@5f058f00]" started-at="2025-01-08T19:00:58 IST" name="publishButton" finished-at="2025-01-08T19:01:04 IST" duration-ms="6388" status="PASS">
          <reporter-output>
          </reporter-output>
        </test-method> <!-- publishButton -->
        <test-method signature="checkActiveNumbers()[pri:10, instance:TestCases.UpdateFields@5f058f00]" started-at="2025-01-08T19:01:04 IST" name="checkActiveNumbers" finished-at="2025-01-08T19:01:17 IST" duration-ms="12510" status="PASS">
          <reporter-output>
          </reporter-output>
        </test-method> <!-- checkActiveNumbers -->
        <test-method is-config="true" signature="tearDown()[pri:0, instance:TestCases.UpdateFields@5f058f00]" started-at="2025-01-08T19:01:17 IST" name="tearDown" finished-at="2025-01-08T19:01:17 IST" duration-ms="328" status="PASS">
          <reporter-output>
          </reporter-output>
        </test-method> <!-- tearDown -->
      </class> <!-- TestCases.UpdateFields -->
    </test> <!-- Default test -->
  </suite> <!-- Default suite -->
</testng-results>
