<?xml version="1.0" encoding="UTF-8"?>
<testng-results ignored="1" total="74" passed="73" failed="0" skipped="0">
  <reporter-output>
  </reporter-output>
  <suite started-at="2025-01-04T21:57:14 IST" name="CustomParallelSuite" finished-at="2025-01-04T22:08:48 IST" duration-ms="694548">
    <groups>
    </groups>
    <test started-at="2025-01-04T21:57:14 IST" name="Test" finished-at="2025-01-04T21:58:28 IST" duration-ms="74087">
      <class name="TestCases.LoginCases">
        <test-method is-config="true" signature="browserConfigChrome()[pri:0, instance:TestCases.LoginCases@50a638b5]" started-at="2025-01-04T21:57:14 IST" name="browserConfigChrome" finished-at="2025-01-04T21:57:21 IST" duration-ms="7520" status="PASS">
          <reporter-output>
          </reporter-output>
        </test-method> <!-- browserConfigChrome -->
        <test-method signature="InavalidEmailandPassword()[pri:1, instance:TestCases.LoginCases@50a638b5]" started-at="2025-01-04T21:57:21 IST" name="InavalidEmailandPassword" finished-at="2025-01-04T21:57:24 IST" duration-ms="2174" status="PASS">
          <reporter-output>
          </reporter-output>
        </test-method> <!-- InavalidEmailandPassword -->
        <test-method signature="EmptyPasswordValidation()[pri:2, instance:TestCases.LoginCases@50a638b5]" started-at="2025-01-04T21:57:24 IST" name="EmptyPasswordValidation" finished-at="2025-01-04T21:57:24 IST" duration-ms="575" status="PASS">
          <reporter-output>
          </reporter-output>
        </test-method> <!-- EmptyPasswordValidation -->
        <test-method signature="InvalidEmailFormat()[pri:3, instance:TestCases.LoginCases@50a638b5]" started-at="2025-01-04T21:57:24 IST" name="InvalidEmailFormat" finished-at="2025-01-04T21:57:25 IST" duration-ms="568" status="PASS">
          <reporter-output>
          </reporter-output>
        </test-method> <!-- InvalidEmailFormat -->
        <test-method signature="EmptyEmailEmptyPassword()[pri:4, instance:TestCases.LoginCases@50a638b5]" started-at="2025-01-04T21:57:25 IST" name="EmptyEmailEmptyPassword" finished-at="2025-01-04T21:57:25 IST" duration-ms="348" status="PASS">
          <reporter-output>
          </reporter-output>
        </test-method> <!-- EmptyEmailEmptyPassword -->
        <test-method signature="aLogin()[pri:7, instance:TestCases.LoginCases@50a638b5]" started-at="2025-01-04T21:57:25 IST" name="aLogin" finished-at="2025-01-04T21:57:28 IST" duration-ms="2403" status="PASS">
          <reporter-output>
          </reporter-output>
        </test-method> <!-- aLogin -->
        <test-method is-config="true" signature="tearDown()[pri:0, instance:TestCases.LoginCases@50a638b5]" started-at="2025-01-04T21:57:28 IST" name="tearDown" finished-at="2025-01-04T21:57:28 IST" duration-ms="901" status="PASS">
          <reporter-output>
          </reporter-output>
        </test-method> <!-- tearDown -->
      </class> <!-- TestCases.LoginCases -->
      <class name="TestCases.RegistrationCases">
        <test-method is-config="true" signature="browserConfigChrome()[pri:0, instance:TestCases.RegistrationCases@31d7b7bf]" started-at="2025-01-04T21:57:14 IST" name="browserConfigChrome" finished-at="2025-01-04T21:57:22 IST" duration-ms="7603" status="PASS">
          <reporter-output>
          </reporter-output>
        </test-method> <!-- browserConfigChrome -->
        <test-method signature="LandinRegistrationPage()[pri:1, instance:TestCases.RegistrationCases@31d7b7bf]" started-at="2025-01-04T21:57:22 IST" name="LandinRegistrationPage" finished-at="2025-01-04T21:57:22 IST" duration-ms="649" status="PASS">
          <reporter-output>
          </reporter-output>
        </test-method> <!-- LandinRegistrationPage -->
        <test-method signature="checkMandatoryValidation()[pri:2, instance:TestCases.RegistrationCases@31d7b7bf]" started-at="2025-01-04T21:57:22 IST" name="checkMandatoryValidation" finished-at="2025-01-04T21:57:23 IST" duration-ms="476" status="PASS">
          <reporter-output>
          </reporter-output>
        </test-method> <!-- checkMandatoryValidation -->
        <test-method signature="checkValidEmail()[pri:3, instance:TestCases.RegistrationCases@31d7b7bf]" started-at="2025-01-04T21:57:23 IST" name="checkValidEmail" finished-at="2025-01-04T21:57:23 IST" duration-ms="398" status="PASS">
          <reporter-output>
          </reporter-output>
        </test-method> <!-- checkValidEmail -->
        <test-method signature="checkPasswordMandatory()[pri:4, instance:TestCases.RegistrationCases@31d7b7bf]" started-at="2025-01-04T21:57:23 IST" name="checkPasswordMandatory" finished-at="2025-01-04T21:57:23 IST" duration-ms="199" status="PASS">
          <reporter-output>
          </reporter-output>
        </test-method> <!-- checkPasswordMandatory -->
        <test-method signature="checkCharPasswordValidation()[pri:5, instance:TestCases.RegistrationCases@31d7b7bf]" started-at="2025-01-04T21:57:23 IST" name="checkCharPasswordValidation" finished-at="2025-01-04T21:57:24 IST" duration-ms="405" status="PASS">
          <reporter-output>
          </reporter-output>
        </test-method> <!-- checkCharPasswordValidation -->
        <test-method signature="checkPasswordValidations()[pri:6, instance:TestCases.RegistrationCases@31d7b7bf]" started-at="2025-01-04T21:57:24 IST" name="checkPasswordValidations" finished-at="2025-01-04T21:57:24 IST" duration-ms="371" status="PASS">
          <reporter-output>
          </reporter-output>
        </test-method> <!-- checkPasswordValidations -->
        <test-method signature="checkMaxCharPasswordValidation()[pri:7, instance:TestCases.RegistrationCases@31d7b7bf]" started-at="2025-01-04T21:57:24 IST" name="checkMaxCharPasswordValidation" finished-at="2025-01-04T21:57:24 IST" duration-ms="368" status="PASS">
          <reporter-output>
          </reporter-output>
        </test-method> <!-- checkMaxCharPasswordValidation -->
        <test-method signature="checkEmailUniqueValidation()[pri:8, instance:TestCases.RegistrationCases@31d7b7bf]" started-at="2025-01-04T21:57:24 IST" name="checkEmailUniqueValidation" finished-at="2025-01-04T21:57:26 IST" duration-ms="1907" status="PASS">
          <reporter-output>
          </reporter-output>
        </test-method> <!-- checkEmailUniqueValidation -->
        <test-method signature="checkGotoLoginLink()[pri:9, instance:TestCases.RegistrationCases@31d7b7bf]" started-at="2025-01-04T21:57:26 IST" name="checkGotoLoginLink" finished-at="2025-01-04T21:57:27 IST" duration-ms="328" status="PASS">
          <reporter-output>
          </reporter-output>
        </test-method> <!-- checkGotoLoginLink -->
        <test-method signature="checkSuccessForm()[pri:10, instance:TestCases.RegistrationCases@31d7b7bf]" started-at="2025-01-04T21:57:27 IST" name="checkSuccessForm" finished-at="2025-01-04T21:57:29 IST" duration-ms="2788" status="PASS">
          <reporter-output>
          </reporter-output>
        </test-method> <!-- checkSuccessForm -->
        <test-method is-config="true" signature="tearDown()[pri:0, instance:TestCases.RegistrationCases@31d7b7bf]" started-at="2025-01-04T21:57:29 IST" name="tearDown" finished-at="2025-01-04T21:57:30 IST" duration-ms="226" status="PASS">
          <reporter-output>
          </reporter-output>
        </test-method> <!-- tearDown -->
      </class> <!-- TestCases.RegistrationCases -->
      <class name="TestCases.CreateFormCases">
        <test-method is-config="true" signature="browserConfigChrome()[pri:0, instance:TestCases.CreateFormCases@3c407114]" started-at="2025-01-04T21:57:14 IST" name="browserConfigChrome" finished-at="2025-01-04T21:57:23 IST" duration-ms="8807" status="PASS">
          <reporter-output>
          </reporter-output>
        </test-method> <!-- browserConfigChrome -->
        <test-method signature="LandinDashboardPage()[pri:1, instance:TestCases.CreateFormCases@3c407114]" started-at="2025-01-04T21:57:23 IST" name="LandinDashboardPage" finished-at="2025-01-04T21:57:26 IST" duration-ms="3124" status="PASS">
          <reporter-output>
          </reporter-output>
        </test-method> <!-- LandinDashboardPage -->
        <test-method signature="CreatFormPopup()[pri:2, instance:TestCases.CreateFormCases@3c407114]" started-at="2025-01-04T21:57:26 IST" name="CreatFormPopup" finished-at="2025-01-04T21:57:27 IST" duration-ms="836" status="PASS">
          <reporter-output>
          </reporter-output>
        </test-method> <!-- CreatFormPopup -->
        <test-method signature="CreatFormLandingPage()[pri:3, instance:TestCases.CreateFormCases@3c407114]" started-at="2025-01-04T21:57:27 IST" name="CreatFormLandingPage" finished-at="2025-01-04T21:57:37 IST" duration-ms="10483" status="PASS">
          <reporter-output>
          </reporter-output>
        </test-method> <!-- CreatFormLandingPage -->
        <test-method signature="InvalidNameform()[pri:4, instance:TestCases.CreateFormCases@3c407114]" started-at="2025-01-04T21:57:37 IST" name="InvalidNameform" finished-at="2025-01-04T21:58:21 IST" duration-ms="44211" status="PASS">
          <reporter-output>
          </reporter-output>
        </test-method> <!-- InvalidNameform -->
        <test-method signature="ValidNamingform()[pri:6, instance:TestCases.CreateFormCases@3c407114]" started-at="2025-01-04T21:58:21 IST" name="ValidNamingform" finished-at="2025-01-04T21:58:22 IST" duration-ms="1030" status="PASS">
          <reporter-output>
          </reporter-output>
        </test-method> <!-- ValidNamingform -->
        <test-method signature="checkNameinList()[pri:7, instance:TestCases.CreateFormCases@3c407114]" started-at="2025-01-04T21:58:22 IST" name="checkNameinList" finished-at="2025-01-04T21:58:28 IST" duration-ms="5352" status="PASS">
          <reporter-output>
          </reporter-output>
        </test-method> <!-- checkNameinList -->
        <test-method is-config="true" signature="tearDown()[pri:0, instance:TestCases.CreateFormCases@3c407114]" started-at="2025-01-04T21:58:28 IST" name="tearDown" finished-at="2025-01-04T21:58:28 IST" duration-ms="217" status="PASS">
          <reporter-output>
          </reporter-output>
        </test-method> <!-- tearDown -->
      </class> <!-- TestCases.CreateFormCases -->
    </test> <!-- Test -->
    <test started-at="2025-01-04T21:58:28 IST" name="sequential" finished-at="2025-01-04T22:08:48 IST" duration-ms="620424">
      <class name="TestCases.SearchFields">
        <test-method is-config="true" signature="browserConfigChrome()[pri:0, instance:TestCases.SearchFields@72d1ad2e]" started-at="2025-01-04T21:58:28 IST" name="browserConfigChrome" finished-at="2025-01-04T21:58:32 IST" duration-ms="4281" status="PASS">
          <reporter-output>
          </reporter-output>
        </test-method> <!-- browserConfigChrome -->
        <test-method signature="LandinDashboardPage()[pri:1, instance:TestCases.SearchFields@72d1ad2e]" started-at="2025-01-04T21:58:32 IST" name="LandinDashboardPage" finished-at="2025-01-04T21:58:35 IST" duration-ms="2864" status="PASS">
          <reporter-output>
          </reporter-output>
        </test-method> <!-- LandinDashboardPage -->
        <test-method signature="SearchFieldExist()[pri:2, instance:TestCases.SearchFields@72d1ad2e]" started-at="2025-01-04T21:58:35 IST" name="SearchFieldExist" finished-at="2025-01-04T21:59:23 IST" duration-ms="47799" status="PASS">
          <reporter-output>
          </reporter-output>
        </test-method> <!-- SearchFieldExist -->
        <test-method signature="SearchFindsFields(java.lang.String,java.lang.String)[pri:3, instance:TestCases.SearchFields@72d1ad2e]" started-at="2025-01-04T21:59:23 IST" name="SearchFindsFields" data-provider="FieldValues" finished-at="2025-01-04T21:59:27 IST" duration-ms="4414" status="PASS">
          <params>
            <param index="0">
              <value>
                <![CDATA[Radio]]>
              </value>
            </param>
            <param index="1">
              <value>
                <![CDATA[radio]]>
              </value>
            </param>
          </params>
          <reporter-output>
          </reporter-output>
        </test-method> <!-- SearchFindsFields -->
        <test-method signature="SearchFindsFields(java.lang.String,java.lang.String)[pri:3, instance:TestCases.SearchFields@72d1ad2e]" started-at="2025-01-04T21:59:27 IST" name="SearchFindsFields" data-provider="FieldValues" finished-at="2025-01-04T21:59:32 IST" duration-ms="4955" status="PASS">
          <params>
            <param index="0">
              <value>
                <![CDATA[Checkbox]]>
              </value>
            </param>
            <param index="1">
              <value>
                <![CDATA[multiselect_checkbox]]>
              </value>
            </param>
          </params>
          <reporter-output>
          </reporter-output>
        </test-method> <!-- SearchFindsFields -->
        <test-method signature="SearchFindsFields(java.lang.String,java.lang.String)[pri:3, instance:TestCases.SearchFields@72d1ad2e]" started-at="2025-01-04T21:59:32 IST" name="SearchFindsFields" data-provider="FieldValues" finished-at="2025-01-04T21:59:37 IST" duration-ms="4921" status="PASS">
          <params>
            <param index="0">
              <value>
                <![CDATA[Website]]>
              </value>
            </param>
            <param index="1">
              <value>
                <![CDATA[website_url]]>
              </value>
            </param>
          </params>
          <reporter-output>
          </reporter-output>
        </test-method> <!-- SearchFindsFields -->
        <test-method signature="SearchFindsFields(java.lang.String,java.lang.String)[pri:3, instance:TestCases.SearchFields@72d1ad2e]" started-at="2025-01-04T21:59:37 IST" name="SearchFindsFields" data-provider="FieldValues" finished-at="2025-01-04T21:59:42 IST" duration-ms="4973" status="PASS">
          <params>
            <param index="0">
              <value>
                <![CDATA[Date]]>
              </value>
            </param>
            <param index="1">
              <value>
                <![CDATA[date]]>
              </value>
            </param>
          </params>
          <reporter-output>
          </reporter-output>
        </test-method> <!-- SearchFindsFields -->
        <test-method signature="SearchFindsFields(java.lang.String,java.lang.String)[pri:3, instance:TestCases.SearchFields@72d1ad2e]" started-at="2025-01-04T21:59:42 IST" name="SearchFindsFields" data-provider="FieldValues" finished-at="2025-01-04T21:59:47 IST" duration-ms="4937" status="PASS">
          <params>
            <param index="0">
              <value>
                <![CDATA[Time]]>
              </value>
            </param>
            <param index="1">
              <value>
                <![CDATA[time]]>
              </value>
            </param>
          </params>
          <reporter-output>
          </reporter-output>
        </test-method> <!-- SearchFindsFields -->
        <test-method signature="SearchFindsFields(java.lang.String,java.lang.String)[pri:3, instance:TestCases.SearchFields@72d1ad2e]" started-at="2025-01-04T21:59:47 IST" name="SearchFindsFields" data-provider="FieldValues" finished-at="2025-01-04T21:59:52 IST" duration-ms="5030" status="PASS">
          <params>
            <param index="0">
              <value>
                <![CDATA[Email]]>
              </value>
            </param>
            <param index="1">
              <value>
                <![CDATA[email]]>
              </value>
            </param>
          </params>
          <reporter-output>
          </reporter-output>
        </test-method> <!-- SearchFindsFields -->
        <test-method is-config="true" signature="tearDown()[pri:0, instance:TestCases.SearchFields@72d1ad2e]" started-at="2025-01-04T21:59:52 IST" name="tearDown" finished-at="2025-01-04T21:59:53 IST" duration-ms="324" status="PASS">
          <reporter-output>
          </reporter-output>
        </test-method> <!-- tearDown -->
      </class> <!-- TestCases.SearchFields -->
      <class name="TestCases.DeleteForm">
        <test-method is-config="true" signature="browserConfigChrome()[pri:0, instance:TestCases.DeleteForm@1189dd52]" started-at="2025-01-04T22:02:32 IST" name="browserConfigChrome" finished-at="2025-01-04T22:02:36 IST" duration-ms="4441" status="PASS">
          <reporter-output>
          </reporter-output>
        </test-method> <!-- browserConfigChrome -->
        <test-method signature="Login()[pri:1, instance:TestCases.DeleteForm@1189dd52]" started-at="2025-01-04T22:02:36 IST" name="Login" finished-at="2025-01-04T22:02:39 IST" duration-ms="2757" status="PASS">
          <reporter-output>
          </reporter-output>
        </test-method> <!-- Login -->
        <test-method signature="RemoveFields()[pri:2, instance:TestCases.DeleteForm@1189dd52]" started-at="2025-01-04T22:02:39 IST" name="RemoveFields" finished-at="2025-01-04T22:04:36 IST" duration-ms="116840" status="PASS">
          <reporter-output>
          </reporter-output>
        </test-method> <!-- RemoveFields -->
        <test-method signature="DeleteForm()[pri:3, instance:TestCases.DeleteForm@1189dd52]" started-at="2025-01-04T22:04:36 IST" name="DeleteForm" finished-at="2025-01-04T22:04:38 IST" duration-ms="2723" status="PASS">
          <reporter-output>
          </reporter-output>
        </test-method> <!-- DeleteForm -->
        <test-method is-config="true" signature="tearDown()[pri:0, instance:TestCases.DeleteForm@1189dd52]" started-at="2025-01-04T22:04:38 IST" name="tearDown" finished-at="2025-01-04T22:04:39 IST" duration-ms="195" status="PASS">
          <reporter-output>
          </reporter-output>
        </test-method> <!-- tearDown -->
      </class> <!-- TestCases.DeleteForm -->
      <class name="TestCases.DeleteAll">
        <test-method is-config="true" signature="browserConfigChrome()[pri:0, instance:TestCases.DeleteAll@49ec71f8]" started-at="2025-01-04T22:08:39 IST" name="browserConfigChrome" finished-at="2025-01-04T22:08:43 IST" duration-ms="3187" status="PASS">
          <reporter-output>
          </reporter-output>
        </test-method> <!-- browserConfigChrome -->
        <test-method signature="Login()[pri:1, instance:TestCases.DeleteAll@49ec71f8]" started-at="2025-01-04T22:08:43 IST" name="Login" finished-at="2025-01-04T22:08:45 IST" duration-ms="2645" status="PASS">
          <reporter-output>
          </reporter-output>
        </test-method> <!-- Login -->
        <test-method signature="DeleteForm()[pri:3, instance:TestCases.DeleteAll@49ec71f8]" started-at="2025-01-04T22:08:45 IST" name="DeleteForm" finished-at="2025-01-04T22:08:48 IST" duration-ms="2968" status="PASS">
          <reporter-output>
          </reporter-output>
        </test-method> <!-- DeleteForm -->
        <test-method is-config="true" signature="tearDown()[pri:0, instance:TestCases.DeleteAll@49ec71f8]" started-at="2025-01-04T22:08:48 IST" name="tearDown" finished-at="2025-01-04T22:08:48 IST" duration-ms="259" status="PASS">
          <reporter-output>
          </reporter-output>
        </test-method> <!-- tearDown -->
      </class> <!-- TestCases.DeleteAll -->
      <class name="TestCases.CreateFormCases">
        <test-method is-config="true" signature="browserConfigChrome()[pri:0, instance:TestCases.CreateFormCases@36bc55de]" started-at="2025-01-04T22:04:39 IST" name="browserConfigChrome" finished-at="2025-01-04T22:04:42 IST" duration-ms="3700" status="PASS">
          <reporter-output>
          </reporter-output>
        </test-method> <!-- browserConfigChrome -->
        <test-method signature="LandinDashboardPage()[pri:1, instance:TestCases.CreateFormCases@36bc55de]" started-at="2025-01-04T22:04:42 IST" name="LandinDashboardPage" finished-at="2025-01-04T22:04:45 IST" duration-ms="2692" status="PASS">
          <reporter-output>
          </reporter-output>
        </test-method> <!-- LandinDashboardPage -->
        <test-method signature="CreatFormPopup()[pri:2, instance:TestCases.CreateFormCases@36bc55de]" started-at="2025-01-04T22:04:45 IST" name="CreatFormPopup" finished-at="2025-01-04T22:04:46 IST" duration-ms="734" status="PASS">
          <reporter-output>
          </reporter-output>
        </test-method> <!-- CreatFormPopup -->
        <test-method signature="CreatFormLandingPage()[pri:3, instance:TestCases.CreateFormCases@36bc55de]" started-at="2025-01-04T22:04:46 IST" name="CreatFormLandingPage" finished-at="2025-01-04T22:04:52 IST" duration-ms="6664" status="PASS">
          <reporter-output>
          </reporter-output>
        </test-method> <!-- CreatFormLandingPage -->
        <test-method signature="InvalidNameform()[pri:4, instance:TestCases.CreateFormCases@36bc55de]" started-at="2025-01-04T22:04:52 IST" name="InvalidNameform" finished-at="2025-01-04T22:05:37 IST" duration-ms="44995" status="PASS">
          <reporter-output>
          </reporter-output>
        </test-method> <!-- InvalidNameform -->
        <test-method signature="ValidNamingform()[pri:6, instance:TestCases.CreateFormCases@36bc55de]" started-at="2025-01-04T22:05:37 IST" name="ValidNamingform" finished-at="2025-01-04T22:05:39 IST" duration-ms="1414" status="PASS">
          <reporter-output>
          </reporter-output>
        </test-method> <!-- ValidNamingform -->
        <test-method signature="checkNameinList()[pri:7, instance:TestCases.CreateFormCases@36bc55de]" started-at="2025-01-04T22:05:39 IST" name="checkNameinList" finished-at="2025-01-04T22:05:44 IST" duration-ms="5294" status="PASS">
          <reporter-output>
          </reporter-output>
        </test-method> <!-- checkNameinList -->
        <test-method is-config="true" signature="tearDown()[pri:0, instance:TestCases.CreateFormCases@36bc55de]" started-at="2025-01-04T22:05:44 IST" name="tearDown" finished-at="2025-01-04T22:05:44 IST" duration-ms="305" status="PASS">
          <reporter-output>
          </reporter-output>
        </test-method> <!-- tearDown -->
      </class> <!-- TestCases.CreateFormCases -->
      <class name="TestCases.UpdateFields">
        <test-method is-config="true" signature="browserConfigChrome()[pri:0, instance:TestCases.UpdateFields@478190fc]" started-at="2025-01-04T21:59:53 IST" name="browserConfigChrome" finished-at="2025-01-04T21:59:56 IST" duration-ms="3387" status="PASS">
          <reporter-output>
          </reporter-output>
        </test-method> <!-- browserConfigChrome -->
        <test-method signature="LandinDashboardPage()[pri:1, instance:TestCases.UpdateFields@478190fc]" started-at="2025-01-04T21:59:56 IST" name="LandinDashboardPage" finished-at="2025-01-04T21:59:59 IST" duration-ms="2835" status="PASS">
          <reporter-output>
          </reporter-output>
        </test-method> <!-- LandinDashboardPage -->
        <test-method signature="AddTextField()[pri:2, instance:TestCases.UpdateFields@478190fc]" started-at="2025-01-04T21:59:59 IST" name="AddTextField" finished-at="2025-01-04T22:00:48 IST" depends-on-methods="TestCases.UpdateFields.LandinDashboardPage" duration-ms="49578" status="PASS">
          <reporter-output>
          </reporter-output>
        </test-method> <!-- AddTextField -->
        <test-method signature="AddText()[pri:3, instance:TestCases.UpdateFields@478190fc]" started-at="2025-01-04T22:00:48 IST" name="AddText" finished-at="2025-01-04T22:00:55 IST" duration-ms="6236" status="PASS">
          <reporter-output>
          </reporter-output>
        </test-method> <!-- AddText -->
        <test-method signature="AddEmailField()[pri:4, instance:TestCases.UpdateFields@478190fc]" started-at="2025-01-04T22:00:55 IST" name="AddEmailField" finished-at="2025-01-04T22:01:01 IST" duration-ms="6586" status="PASS">
          <reporter-output>
          </reporter-output>
        </test-method> <!-- AddEmailField -->
        <test-method signature="AddNumberField()[pri:5, instance:TestCases.UpdateFields@478190fc]" started-at="2025-01-04T22:01:01 IST" name="AddNumberField" finished-at="2025-01-04T22:01:08 IST" duration-ms="6502" status="PASS">
          <reporter-output>
          </reporter-output>
        </test-method> <!-- AddNumberField -->
        <test-method signature="DragandDropParaHeading()[pri:6, instance:TestCases.UpdateFields@478190fc]" started-at="2025-01-04T22:01:08 IST" name="DragandDropParaHeading" finished-at="2025-01-04T22:01:09 IST" duration-ms="948" status="PASS">
          <reporter-output>
          </reporter-output>
        </test-method> <!-- DragandDropParaHeading -->
        <test-method signature="HeadingName()[pri:7, instance:TestCases.UpdateFields@478190fc]" started-at="2025-01-04T22:01:09 IST" name="HeadingName" finished-at="2025-01-04T22:01:14 IST" duration-ms="5599" status="PASS">
          <reporter-output>
          </reporter-output>
        </test-method> <!-- HeadingName -->
        <test-method signature="ParaName()[pri:8, instance:TestCases.UpdateFields@478190fc]" started-at="2025-01-04T22:01:14 IST" name="ParaName" finished-at="2025-01-04T22:01:16 IST" duration-ms="2216" status="PASS">
          <reporter-output>
          </reporter-output>
        </test-method> <!-- ParaName -->
        <test-method signature="publishButton()[pri:9, instance:TestCases.UpdateFields@478190fc]" started-at="2025-01-04T22:01:16 IST" name="publishButton" finished-at="2025-01-04T22:01:20 IST" duration-ms="4023" status="PASS">
          <reporter-output>
          </reporter-output>
        </test-method> <!-- publishButton -->
        <test-method is-config="true" signature="tearDown()[pri:0, instance:TestCases.UpdateFields@478190fc]" started-at="2025-01-04T22:01:20 IST" name="tearDown" finished-at="2025-01-04T22:01:21 IST" duration-ms="375" status="PASS">
          <reporter-output>
          </reporter-output>
        </test-method> <!-- tearDown -->
      </class> <!-- TestCases.UpdateFields -->
      <class name="TestCases.AddFormData">
        <test-method is-config="true" signature="browserConfigChrome()[pri:0, instance:TestCases.AddFormData@35cabb2a]" started-at="2025-01-04T22:01:21 IST" name="browserConfigChrome" finished-at="2025-01-04T22:01:24 IST" duration-ms="3290" status="PASS">
          <reporter-output>
          </reporter-output>
        </test-method> <!-- browserConfigChrome -->
        <test-method signature="Login()[pri:1, instance:TestCases.AddFormData@35cabb2a]" started-at="2025-01-04T22:01:24 IST" name="Login" finished-at="2025-01-04T22:01:27 IST" duration-ms="2438" status="PASS">
          <reporter-output>
          </reporter-output>
        </test-method> <!-- Login -->
        <test-method signature="getSubmissionCount()[pri:2, instance:TestCases.AddFormData@35cabb2a]" started-at="2025-01-04T22:01:27 IST" name="getSubmissionCount" finished-at="2025-01-04T22:01:27 IST" duration-ms="579" status="PASS">
          <reporter-output>
          </reporter-output>
        </test-method> <!-- getSubmissionCount -->
        <test-method signature="ClickCustomFormLink()[pri:3, instance:TestCases.AddFormData@35cabb2a]" started-at="2025-01-04T22:01:27 IST" name="ClickCustomFormLink" finished-at="2025-01-04T22:02:14 IST" duration-ms="46764" status="PASS">
          <reporter-output>
          </reporter-output>
        </test-method> <!-- ClickCustomFormLink -->
        <test-method signature="Newtab()[pri:4, instance:TestCases.AddFormData@35cabb2a]" started-at="2025-01-04T22:02:14 IST" name="Newtab" finished-at="2025-01-04T22:02:23 IST" duration-ms="8624" status="PASS">
          <reporter-output>
          </reporter-output>
        </test-method> <!-- Newtab -->
        <test-method signature="checkSubmissionCount()[pri:5, instance:TestCases.AddFormData@35cabb2a]" started-at="2025-01-04T22:02:23 IST" name="checkSubmissionCount" finished-at="2025-01-04T22:02:24 IST" duration-ms="1136" status="PASS">
          <reporter-output>
          </reporter-output>
        </test-method> <!-- checkSubmissionCount -->
        <test-method signature="checkSubmissionList()[pri:5, instance:TestCases.AddFormData@35cabb2a]" started-at="2025-01-04T22:02:24 IST" name="checkSubmissionList" finished-at="2025-01-04T22:02:31 IST" duration-ms="7033" status="PASS">
          <reporter-output>
          </reporter-output>
        </test-method> <!-- checkSubmissionList -->
        <test-method signature="deleteForm()[pri:6, instance:TestCases.AddFormData@35cabb2a]" started-at="2025-01-04T22:02:31 IST" name="deleteForm" finished-at="2025-01-04T22:02:31 IST" duration-ms="636" status="PASS">
          <reporter-output>
          </reporter-output>
        </test-method> <!-- deleteForm -->
        <test-method is-config="true" signature="tearDown()[pri:0, instance:TestCases.AddFormData@35cabb2a]" started-at="2025-01-04T22:02:31 IST" name="tearDown" finished-at="2025-01-04T22:02:32 IST" duration-ms="323" status="PASS">
          <reporter-output>
          </reporter-output>
        </test-method> <!-- tearDown -->
      </class> <!-- TestCases.AddFormData -->
      <class name="TestCases.StepForm">
        <test-method is-config="true" signature="browserConfigChrome()[pri:0, instance:TestCases.StepForm@16d04d3d]" started-at="2025-01-04T22:05:44 IST" name="browserConfigChrome" finished-at="2025-01-04T22:05:48 IST" duration-ms="3278" status="PASS">
          <reporter-output>
          </reporter-output>
        </test-method> <!-- browserConfigChrome -->
        <test-method signature="LandinDashboardPage()[pri:1, instance:TestCases.StepForm@16d04d3d]" started-at="2025-01-04T22:05:48 IST" name="LandinDashboardPage" finished-at="2025-01-04T22:05:51 IST" duration-ms="2936" status="PASS">
          <reporter-output>
          </reporter-output>
        </test-method> <!-- LandinDashboardPage -->
        <test-method signature="TabNameValidation()[pri:2, instance:TestCases.StepForm@16d04d3d]" started-at="2025-01-04T22:05:51 IST" name="TabNameValidation" finished-at="2025-01-04T22:06:42 IST" duration-ms="50883" status="PASS">
          <reporter-output>
          </reporter-output>
        </test-method> <!-- TabNameValidation -->
        <test-method signature="UpdateTabName()[pri:3, instance:TestCases.StepForm@16d04d3d]" started-at="2025-01-04T22:06:42 IST" name="UpdateTabName" finished-at="2025-01-04T22:06:48 IST" duration-ms="5964" status="PASS">
          <reporter-output>
          </reporter-output>
        </test-method> <!-- UpdateTabName -->
        <test-method signature="AddFields()[pri:4, instance:TestCases.StepForm@16d04d3d]" started-at="2025-01-04T22:06:48 IST" name="AddFields" finished-at="2025-01-04T22:06:50 IST" duration-ms="2697" status="PASS">
          <reporter-output>
          </reporter-output>
        </test-method> <!-- AddFields -->
        <test-method signature="AddNumberField()[pri:5, instance:TestCases.StepForm@16d04d3d]" started-at="2025-01-04T22:06:50 IST" name="AddNumberField" finished-at="2025-01-04T22:07:19 IST" duration-ms="28400" status="PASS">
          <reporter-output>
          </reporter-output>
        </test-method> <!-- AddNumberField -->
        <test-method signature="AddWebsiteField()[pri:6, instance:TestCases.StepForm@16d04d3d]" started-at="2025-01-04T22:07:19 IST" name="AddWebsiteField" finished-at="2025-01-04T22:07:25 IST" duration-ms="6221" status="PASS">
          <reporter-output>
          </reporter-output>
        </test-method> <!-- AddWebsiteField -->
        <test-method signature="AddTimeField()[pri:7, instance:TestCases.StepForm@16d04d3d]" started-at="2025-01-04T22:07:25 IST" name="AddTimeField" finished-at="2025-01-04T22:07:32 IST" duration-ms="6785" status="PASS">
          <reporter-output>
          </reporter-output>
        </test-method> <!-- AddTimeField -->
        <test-method signature="TextAreaField()[pri:8, instance:TestCases.StepForm@16d04d3d]" started-at="2025-01-04T22:07:32 IST" name="TextAreaField" finished-at="2025-01-04T22:07:38 IST" duration-ms="6769" status="PASS">
          <reporter-output>
          </reporter-output>
        </test-method> <!-- TextAreaField -->
        <test-method signature="shortTextField()[pri:9, instance:TestCases.StepForm@16d04d3d]" started-at="2025-01-04T22:07:38 IST" name="shortTextField" finished-at="2025-01-04T22:07:45 IST" duration-ms="6769" status="PASS">
          <reporter-output>
          </reporter-output>
        </test-method> <!-- shortTextField -->
        <test-method signature="dateTextField()[pri:10, instance:TestCases.StepForm@16d04d3d]" started-at="2025-01-04T22:07:45 IST" name="dateTextField" finished-at="2025-01-04T22:07:52 IST" duration-ms="6732" status="PASS">
          <reporter-output>
          </reporter-output>
        </test-method> <!-- dateTextField -->
        <test-method signature="Tab2NameValidation()[pri:11, instance:TestCases.StepForm@16d04d3d]" started-at="2025-01-04T22:07:52 IST" name="Tab2NameValidation" finished-at="2025-01-04T22:07:57 IST" duration-ms="5169" status="PASS">
          <reporter-output>
          </reporter-output>
        </test-method> <!-- Tab2NameValidation -->
        <test-method signature="Tab2NameAddition()[pri:12, instance:TestCases.StepForm@16d04d3d]" started-at="2025-01-04T22:07:57 IST" name="Tab2NameAddition" finished-at="2025-01-04T22:08:03 IST" duration-ms="5943" status="PASS">
          <reporter-output>
          </reporter-output>
        </test-method> <!-- Tab2NameAddition -->
        <test-method signature="AddFieldsTwo()[pri:13, instance:TestCases.StepForm@16d04d3d]" started-at="2025-01-04T22:08:03 IST" name="AddFieldsTwo" finished-at="2025-01-04T22:08:04 IST" duration-ms="1374" status="PASS">
          <reporter-output>
          </reporter-output>
        </test-method> <!-- AddFieldsTwo -->
        <test-method signature="AddDropDownLable()[pri:14, instance:TestCases.StepForm@16d04d3d]" started-at="2025-01-04T22:08:04 IST" name="AddDropDownLable" finished-at="2025-01-04T22:08:16 IST" duration-ms="11645" status="PASS">
          <reporter-output>
          </reporter-output>
        </test-method> <!-- AddDropDownLable -->
        <test-method signature="AddRadioLable()[pri:15, instance:TestCases.StepForm@16d04d3d]" started-at="2025-01-04T22:08:16 IST" name="AddRadioLable" finished-at="2025-01-04T22:08:25 IST" duration-ms="8447" status="PASS">
          <reporter-output>
          </reporter-output>
        </test-method> <!-- AddRadioLable -->
        <test-method signature="AddCheckboxLable()[pri:16, instance:TestCases.StepForm@16d04d3d]" started-at="2025-01-04T22:08:25 IST" name="AddCheckboxLable" finished-at="2025-01-04T22:08:33 IST" duration-ms="8236" status="PASS">
          <reporter-output>
          </reporter-output>
        </test-method> <!-- AddCheckboxLable -->
        <test-method signature="MakeActive()[pri:17, instance:TestCases.StepForm@16d04d3d]" started-at="2025-01-04T22:08:33 IST" name="MakeActive" finished-at="2025-01-04T22:08:39 IST" duration-ms="6301" status="PASS">
          <reporter-output>
          </reporter-output>
        </test-method> <!-- MakeActive -->
        <test-method is-config="true" signature="tearDown()[pri:0, instance:TestCases.StepForm@16d04d3d]" started-at="2025-01-04T22:08:39 IST" name="tearDown" finished-at="2025-01-04T22:08:39 IST" duration-ms="375" status="PASS">
          <reporter-output>
          </reporter-output>
        </test-method> <!-- tearDown -->
      </class> <!-- TestCases.StepForm -->
    </test> <!-- sequential -->
  </suite> <!-- CustomParallelSuite -->
</testng-results>
