<?xml version="1.0" encoding="UTF-8"?>
<!-- Generated by org.testng.reporters.JUnitXMLReporter -->
<testsuite ignored="0" hostname="LAPTOP-PTNS5S83" failures="0" tests="34" name="Test" time="253.398" errors="0" timestamp="2024-10-06T20:03:34 IST">
  <testcase classname="TestCases.RegistrationCases" name="LandinRegistrationPage" time="0.488"/>
  <testcase classname="TestCases.RegistrationCases" name="checkMandatoryValidation" time="0.19"/>
  <testcase classname="TestCases.RegistrationCases" name="checkValidEmail" time="0.217"/>
  <testcase classname="TestCases.RegistrationCases" name="checkPasswordMandatory" time="0.1"/>
  <testcase classname="TestCases.RegistrationCases" name="checkCharPasswordValidation" time="0.182"/>
  <testcase classname="TestCases.RegistrationCases" name="checkPasswordValidations" time="0.209"/>
  <testcase classname="TestCases.RegistrationCases" name="checkMaxCharPasswordValidation" time="0.224"/>
  <testcase classname="TestCases.RegistrationCases" name="checkEmailUniqueValidation" time="2.063"/>
  <testcase classname="TestCases.RegistrationCases" name="checkGotoLoginLink" time="0.212"/>
  <testcase classname="TestCases.RegistrationCases" name="checkSuccessForm" time="3.028"/>
  <testcase classname="TestCases.LoginCases" name="InavalidEmailandPassword" time="2.944"/>
  <testcase classname="TestCases.LoginCases" name="EmptyPasswordValidation" time="0.345"/>
  <testcase classname="TestCases.LoginCases" name="InvalidEmailFormat" time="0.329"/>
  <testcase classname="TestCases.LoginCases" name="EmptyEmailEmptyPassword" time="0.198"/>
  <testcase classname="TestCases.LoginCases" name="aLogin" time="2.649"/>
  <testcase classname="TestCases.CreateFormCases" name="LandinDashboardPage" time="2.3"/>
  <testcase classname="TestCases.CreateFormCases" name="CreatFormPopup" time="0.645"/>
  <testcase classname="TestCases.CreateFormCases" name="CreatFormLandingPage" time="9.959"/>
  <testcase classname="TestCases.CreateFormCases" name="InvalidNameform" time="43.859"/>
  <testcase classname="TestCases.CreateFormCases" name="ValidNamingform" time="1.429"/>
  <testcase classname="TestCases.CreateFormCases" name="checkNameinList" time="5.222"/>
  <testcase classname="TestCases.UpdateFields" name="LandinDashboardPage" time="4.091"/>
  <testcase classname="TestCases.UpdateFields" name="AddTextField" time="54.645"/>
  <testcase classname="TestCases.UpdateFields" name="AddText" time="6.443"/>
  <testcase classname="TestCases.UpdateFields" name="AddEmailField" time="6.43"/>
  <testcase classname="TestCases.UpdateFields" name="AddNumberField" time="6.392"/>
  <testcase classname="TestCases.UpdateFields" name="publishButton" time="6.116"/>
  <testcase classname="TestCases.AddFormData" name="Login" time="2.742"/>
  <testcase classname="TestCases.AddFormData" name="getSubmissionCount" time="1.085"/>
  <testcase classname="TestCases.AddFormData" name="ClickCustomFormLink" time="47.139"/>
  <testcase classname="TestCases.AddFormData" name="Newtab" time="8.055"/>
  <testcase classname="TestCases.AddFormData" name="checkSubmissionCount" time="1.172"/>
  <testcase classname="TestCases.DeleteForm" name="Login" time="2.707"/>
  <testcase classname="TestCases.DeleteForm" name="DeleteForm" time="2.864"/>
</testsuite> <!-- Test -->
